Arguments: 
  /nix/store/0g3sc6fhnhsxx8d837kyj06qcbjind1b-nodejs-18.16.1/bin/node /home/runner/Web-page/node_modules/.bin/yarn add simple-scrollspu

PATH: 
  /home/runner/Web-page/.config/npm/node_global/bin:/home/runner/Web-page/node_modules/.bin:/nix/store/0g3sc6fhnhsxx8d837kyj06qcbjind1b-nodejs-18.16.1/bin:/nix/store/0hyg4lhfpyf59cwk1sb7d19y299z05wg-prettier-2.8.8/bin:/nix/store/i4kzir3m7mrisxmf5xvlnkw01x4qaqr4-prybar-elisp-0.0.0-e0d9a52/bin:/nix/store/lwwivxf6h7x3cvxp9zv8sj0mv7dak99r-prybar-lua-0.0.0-e0d9a52/bin:/nix/store/gxj28g1cg4hq3qanmjv07156h800qr58-prybar-python3-0.0.0-e0d9a52/bin:/nix/store/hshkjnxrgidigf8x75vg6lqng2xlx9i3-prybar-sqlite-0.0.0-e0d9a52/bin:/nix/store/c4w01bpjgyy5ixmwdk8m1pw87zq4sl26-prybar-tcl-0.0.0-e0d9a52/bin:/nix/store/hpbvrlwd5viqmvcaisb3x0118i913a9n-stderred-0.1.0/bin:/nix/store/kr5b30sgd3x3fffrghynlmzxh50jn94n-upm-0.0.0-d112f5a/bin:/nix/store/hcj7b4vwp9pwpbhz0qijfr7b9397n8d2-pid1/bin:/nix/store/p4vjr19az8mq4m05qcdk0xyc342vl8h9-less-596/bin:/nix/store/jha53c5kh54c46fgywh37v3m3h4hcl0k-git-2.34.1/bin:/nix/store/22jj08nss8zvbgk52ikj09ssg6rw84rv-silver-searcher-2.2.0/bin:/nix/store/23hg9y7s7ciinmfwdwjn8c691c1li85h-bash/bin:/nix/store/176gh50y24c0lx2bnnmsvf9wazb73php-coreutils-9.0/bin:/nix/store/zaamc32wijqka1mg8w2gr1f6bgvs7yyz-vscode-cpptools-dap-1.3.1/bin:/nix/store/ann2w0blx5vrc8mw1hwnvb37gry6ci9a-replit-python-dap-wrapper-1.0.0/bin:/nix/store/y7pffk4ilinl7k12amfdncvym7kv023x-node-dap/bin:/nix/store/24q63bgri76a9zy2mi79mkb1kp70h7v5-pydeppaths-1.0.0/bin:/nix/store/lyzn4qly8k878lgfy1b399w58q4khys2-fluxbox/bin:/nix/store/qpnf0dafrfsbcwb4z7cphjm0dff0vl7l-prybar-nodejs-0.0.0-e0d9a52/bin:/nix/store/mav4251if1ahjq5vkpwycyyvnmy459c4-pulseaudio-14.2/bin:/nix/store/146hw02zpnhkn5cabjf3pmdl32clz0jn-rfbproxy-0.0.0-9c8ca29/bin:/nix/store/xwl0wqr3g68mx2b60qja3kn865gf45x5-toml-editor-0.0.0-5aba775/bin:/nix/store/bfmyvk668bl0n294qancg8sg5x42p9vx-nix-editor-0.0.0-8e65b7f/bin:/nix/store/0b2bvviijkvq2nvm04dbq3lwlq7h742m-tigervnc-1.12.0/bin:/nix/store/7v07bmyfjq0jdnx6xwxlib05na8kksdf-xwininfo-1.1.4/bin:/nix/store/pv89r9i1d8ajin2vp7qfs63nakg7s17k-replbox/bin:/nix/store/4522jkjzj2nlx2z67325aylg6ngvvg2h-curl-7.80.0-bin/bin:/nix/store/sdpqvnmahizaxbs3nnzmgfgyqsdxb1bw-gnutar-1.34/bin:/nix/store/hisqvx32cd57apbpcsnkpx6k3549wql1-libglvnd-1.4.0/bin:/nix/store/pb6sp9j9bv7s3bk1biqq05w73f40gpg8-ripgrep-13.0.0/bin:/nix/store/44papibkmjkl0854bd3jq5cdsxkf7qry-sd-0.7.6/bin:/nix/store/kd4hlrvfrzhn0lf7dxl175hbn5d2j8i2-sudo/bin:/nix/store/5bkvi8z49bd19g4m81fdwl61ix3h3z7l-replit-git-askpass/bin:/nix/store/qfxk9gzibng5ghhdq33bjx2cr20xlb8m-replit-git-editor/bin:/nix/store/608nyba3g4jyn2h00m5cpwb4nzqijrvq-xdg-open/bin:/nix/store/18gvvqlqh1z9b53gaml48cd61x6d5n6c-moduleit/bin:/nix/store/b5358q3rwg9izkjvnlnh84id8m28a09l-hostingpid1-0.0.1/bin:/home/runner/.nix-profile/bin:/home/runner/.local/bin:/usr/local/sbin:/usr/local/bin:/usr/sbin:/usr/bin:/sbin:/bin

Yarn version: 
  1.22.19

Node version: 
  18.16.1

Platform: 
  linux x64

Trace: 
  Error: https://registry.yarnpkg.com/simple-scrollspu: Not found
      at params.callback [as _callback] (/home/runner/Web-page/node_modules/yarn/lib/cli.js:66145:18)
      at self.callback (/home/runner/Web-page/node_modules/yarn/lib/cli.js:140890:22)
      at Request.emit (node:events:513:28)
      at Request.<anonymous> (/home/runner/Web-page/node_modules/yarn/lib/cli.js:141862:10)
      at Request.emit (node:events:513:28)
      at IncomingMessage.<anonymous> (/home/runner/Web-page/node_modules/yarn/lib/cli.js:141784:12)
      at Object.onceWrapper (node:events:627:28)
      at IncomingMessage.emit (node:events:525:35)
      at endReadableNT (node:internal/streams/readable:1359:12)
      at process.processTicksAndRejections (node:internal/process/task_queues:82:21)

npm manifest: 
  {
    "name": "nodejs",
    "version": "1.0.0",
    "description": "",
    "main": "index.js",
    "scripts": {
      "test": "echo \"Error: no test specified\" && exit 1"
    },
    "type": "module",
    "keywords": [],
    "author": "",
    "license": "ISC",
    "dependencies": {
      "@types/node": "^18.0.6",
      "body-parser": "^1.20.2",
      "ejs": "^3.1.9",
      "express": "^4.18.2",
      "node-fetch": "^3.2.6",
      "yarn": "^1.22.19"
    }
  }

yarn manifest: 
  No manifest

Lockfile: 
  No lockfile
